0 0
1 0
2 0.0668320644042
3 0.133301128808
4 0.132501128808
5 0.165230161011
6 0.264373257617
7 0.396805386425
8 0.394405386425
9 0.425485418628
10 0.422885418628
11 0.487093483032
12 0.517516515234
13 0.514316515234
14 0.511116515234
15 0.541433547436
16 0.571398579638
17 0.567798579638
18 0.564198579638
19 0.560598579638
20 0.556998579638
21 0.553398579638
22 0.549798579638
23 0.546198579638
24 0.542598579638
25 0.538998579638
26 0.535398579638
27 0.531798579638
28 0.56171661184
29 0.591339644042
30 0.620760676245
31 0.650006708447
32 0.645606708447
33 0.641206708447
34 0.670214740649
35 0.665614740649
36 0.661014740649
37 0.656414740649
38 0.651814740649
39 0.647214740649
40 0.642614740649
41 0.671371772851
42 0.666571772851
43 0.661771772851
44 0.656971772851
45 0.652171772851
46 0.714385837255
47 0.776050901659
48 0.837393966064
49 0.93167306267
50 0.958611094872
51 0.951811094872
52 0.945011094872
53 0.938211094872
54 0.964796127074
55 1.05807222368
56 1.08393425588
57 1.10956528808
58 1.10156528808
59 1.09356528808
60 1.08556528808
61 1.11107832029
62 1.10287832029
63 1.09467832029
64 1.08647832029
65 1.07827832029
66 1.07007832029
67 1.06187832029
68 1.08708735249
69 1.11222338469
70 1.10362338469
71 1.09502338469
72 1.11993041689
73 1.11113041689
74 1.10233041689
75 1.09353041689
76 1.08473041689
77 1.07593041689
78 1.06713041689
79 1.05833041689
80 1.0830134491
81 1.0740134491
82 1.0650134491
83 1.1230455135
84 1.1470255457
85 1.1374255457
86 1.1278255457
87 1.1182255457
88 1.1420525779
89 1.19911364231
90 1.22243267451
91 1.21203267451
92 1.20163267451
93 1.19123267451
94 1.18083267451
95 1.20378470671
96 1.26012377112
97 1.28257080332
98 1.30474383552
99 1.29334383552
100 1.28194383552
101 1.37096693213
102 1.39236596433
103 1.38016596433
104 1.43484702873
105 1.42224702873
106 1.47666209314
107 1.49708912534
108 1.55077918974
109 1.53717918974
110 1.55695122195
111 1.54315122195
112 1.66308435075
113 1.64848435075
114 1.63388435075
115 1.65279738296
116 1.77179851177
117 1.78972854397
118 1.84082160837
119 1.92488470498
120 2.00844380158
121 2.02451083379
122 2.10737593039
123 2.1225809626
124 2.1041809626
125 2.0857809626
126 2.0673809626
127 2.0489809626
128 2.0640929948
129 2.0454929948
130 2.0268929948
131 2.0082929948
132 2.023166027
133 2.0712500914
134 2.11890815581
135 2.13282418801
136 2.11302418801
137 2.16022825241
138 2.14002825241
139 2.11982825241
140 2.13301228462
141 2.11261228462
142 2.09221228462
143 2.13859434902
144 2.11779434902
145 2.09699434902
146 2.07619434902
147 2.05539434902
148 2.03459434902
149 2.18094751003
150 2.19256554223
151 2.17056554223
152 2.18206357444
153 2.15986357444
154 2.13766357444
155 2.11546357444
156 2.09326357444
157 2.07106357444
158 2.08240360664
159 2.06000360664
160 2.07111063884
161 2.08197167104
162 2.09267370324
163 2.06967370324
164 2.04667370324
165 2.02367370324
166 2.00067370324
167 1.97767370324
168 1.95467370324
169 1.93167370324
170 1.90904460664
171 1.88677257444
172 1.86457257444
173 1.84251047783
174 1.85455847783
175 1.83332634902
176 1.81252634902
177 1.82539334902
178 1.83808334902
179 1.81746031682
180 1.79703728462
181 1.77663728462
182 1.75623728462
183 1.73595522021
184 1.71595522021
185 1.69595522021
186 1.67595522021
187 1.65595522021
188 1.63595522021
189 1.61595522021
190 1.62938725241
191 1.60918725241
192 1.65592831682
193 1.70225538122
194 1.68125538122
195 1.66025538122
196 1.70612941342
197 1.71852941342
198 1.69750838122
199 1.81036947783
200 1.78876947783
201 1.76716947783
202 1.74576144563
203 1.72436144563
204 1.73633447783
205 1.71473447783
206 1.69313447783
207 1.70502251003
208 1.68326547783
209 1.72856654223
210 1.70656654223
211 1.68456654223
212 1.66256654223
213 1.64056654223
214 1.61875247783
215 1.59748741342
216 1.61004634902
217 1.68984238122
218 1.70238838122
219 1.68138838122
220 1.69382541342
221 1.67264038122
222 1.65164038122
223 1.63116428462
224 1.61090225241
225 1.59087122021
226 1.57087122021
227 1.55087122021
228 1.53087122021
229 1.51095818801
230 1.49115818801
231 1.47135818801
232 1.45155818801
233 1.46513022021
234 1.51198528462
235 1.55838734902
236 1.53777831682
237 1.51724228462
238 1.49684228462
239 1.54342334902
240 1.58945738122
241 1.60200441342
242 1.61416244563
243 1.65964851003
244 1.70479457444
245 1.68259457444
246 1.66039457444
247 1.63819457444
248 1.64955057444
249 1.66077460664
250 1.63837460664
251 1.61616251003
252 1.62787954223
253 1.63922857444
254 1.65048360664
255 1.62808360664
256 1.63936860664
257 1.65080357444
258 1.62868454223
259 1.70697863884
260 1.71791667104
261 1.72864370324
262 1.70569167104
263 1.71638770324
264 1.72713567104
265 1.73794863884
266 1.78237170324
267 1.79275473545
268 1.80294776765
269 1.81329567104
270 1.89076276765
271 1.90076579985
272 1.87748473545
273 1.85428473545
274 1.83126967104
275 1.80868360664
276 1.78635257444
277 1.76418054223
278 1.80914660664
279 1.82015660664
280 1.83159754223
281 1.80959754223
282 1.78759754223
283 1.79916051003
284 1.77774141342
285 1.79005138122
286 1.90293944563
287 1.94864541342
288 1.99458441342
289 1.97351738122
290 1.95285228462
291 1.93264725241
292 2.04615638122
293 2.09223244563
294 2.17103254223
295 2.14903254223
296 2.12712051003
297 2.10532051003
298 2.08352051003
299 2.06172051003
300 2.04008144563
301 2.05233241342
302 2.03124338122
303 2.01032734902
304 1.98952734902
305 1.96892328462
306 1.94852328462
307 1.92813925241
308 1.90793925241
309 1.88773925241
310 1.86759022021
311 1.84775718801
312 1.82795718801
313 1.80815718801
314 1.88861328462
315 1.90158431682
316 1.94783234902
317 1.92767422021
318 1.94122922021
319 1.92122922021
320 1.90133118801
321 1.88153118801
322 1.86173118801
323 1.90897725241
